{"/Users/zguillez/Documentos/Repositorios/_tools/z-ssh/src/Zssh.js": {"path":"/Users/zguillez/Documentos/Repositorios/_tools/z-ssh/src/Zssh.js","statementMap":{"0":{"start":{"line":2,"column":13},"end":{"line":2,"column":28}},"1":{"start":{"line":3,"column":15},"end":{"line":3,"column":32}},"2":{"start":{"line":4,"column":14},"end":{"line":4,"column":32}},"3":{"start":{"line":5,"column":14},"end":{"line":5,"column":41}},"4":{"start":{"line":6,"column":18},"end":{"line":6,"column":37}},"5":{"start":{"line":7,"column":13},"end":{"line":7,"column":26}},"6":{"start":{"line":21,"column":4},"end":{"line":21,"column":56}},"7":{"start":{"line":25,"column":4},"end":{"line":25,"column":25}},"8":{"start":{"line":33,"column":4},"end":{"line":33,"column":60}},"9":{"start":{"line":41,"column":4},"end":{"line":41,"column":35}},"10":{"start":{"line":49,"column":4},"end":{"line":58,"column":7}},"11":{"start":{"line":50,"column":6},"end":{"line":57,"column":9}},"12":{"start":{"line":51,"column":8},"end":{"line":51,"column":23}},"13":{"start":{"line":52,"column":8},"end":{"line":56,"column":65}},"14":{"start":{"line":56,"column":22},"end":{"line":56,"column":35}},"15":{"start":{"line":56,"column":52},"end":{"line":56,"column":63}},"16":{"start":{"line":65,"column":4},"end":{"line":65,"column":19}},"17":{"start":{"line":74,"column":4},"end":{"line":82,"column":7}},"18":{"start":{"line":75,"column":6},"end":{"line":81,"column":37}},"19":{"start":{"line":76,"column":8},"end":{"line":80,"column":11}},"20":{"start":{"line":77,"column":10},"end":{"line":77,"column":50}},"21":{"start":{"line":78,"column":10},"end":{"line":78,"column":50}},"22":{"start":{"line":79,"column":10},"end":{"line":79,"column":24}},"23":{"start":{"line":81,"column":24},"end":{"line":81,"column":35}},"24":{"start":{"line":91,"column":4},"end":{"line":94,"column":7}},"25":{"start":{"line":92,"column":6},"end":{"line":92,"column":26}},"26":{"start":{"line":93,"column":6},"end":{"line":93,"column":20}},"27":{"start":{"line":102,"column":4},"end":{"line":122,"column":7}},"28":{"start":{"line":103,"column":6},"end":{"line":121,"column":37}},"29":{"start":{"line":104,"column":8},"end":{"line":120,"column":11}},"30":{"start":{"line":105,"column":10},"end":{"line":117,"column":13}},"31":{"start":{"line":106,"column":12},"end":{"line":114,"column":15}},"32":{"start":{"line":107,"column":14},"end":{"line":107,"column":47}},"33":{"start":{"line":108,"column":14},"end":{"line":108,"column":65}},"34":{"start":{"line":109,"column":14},"end":{"line":109,"column":121}},"35":{"start":{"line":110,"column":14},"end":{"line":110,"column":46}},"36":{"start":{"line":111,"column":14},"end":{"line":111,"column":28}},"37":{"start":{"line":113,"column":14},"end":{"line":113,"column":26}},"38":{"start":{"line":116,"column":12},"end":{"line":116,"column":24}},"39":{"start":{"line":119,"column":10},"end":{"line":119,"column":22}},"40":{"start":{"line":121,"column":24},"end":{"line":121,"column":35}},"41":{"start":{"line":130,"column":4},"end":{"line":144,"column":7}},"42":{"start":{"line":131,"column":6},"end":{"line":143,"column":37}},"43":{"start":{"line":132,"column":8},"end":{"line":132,"column":167}},"44":{"start":{"line":133,"column":8},"end":{"line":142,"column":11}},"45":{"start":{"line":134,"column":10},"end":{"line":139,"column":13}},"46":{"start":{"line":135,"column":12},"end":{"line":135,"column":44}},"47":{"start":{"line":136,"column":12},"end":{"line":136,"column":26}},"48":{"start":{"line":138,"column":12},"end":{"line":138,"column":24}},"49":{"start":{"line":141,"column":10},"end":{"line":141,"column":22}},"50":{"start":{"line":143,"column":24},"end":{"line":143,"column":35}},"51":{"start":{"line":151,"column":4},"end":{"line":162,"column":5}},"52":{"start":{"line":152,"column":19},"end":{"line":152,"column":21}},"53":{"start":{"line":153,"column":6},"end":{"line":159,"column":9}},"54":{"start":{"line":154,"column":8},"end":{"line":154,"column":32}},"55":{"start":{"line":155,"column":8},"end":{"line":155,"column":37}},"56":{"start":{"line":158,"column":8},"end":{"line":158,"column":37}},"57":{"start":{"line":161,"column":6},"end":{"line":161,"column":46}},"58":{"start":{"line":172,"column":4},"end":{"line":172,"column":19}},"59":{"start":{"line":173,"column":4},"end":{"line":184,"column":7}},"60":{"start":{"line":174,"column":6},"end":{"line":178,"column":7}},"61":{"start":{"line":175,"column":8},"end":{"line":177,"column":9}},"62":{"start":{"line":176,"column":10},"end":{"line":176,"column":34}},"63":{"start":{"line":182,"column":6},"end":{"line":182,"column":29}},"64":{"start":{"line":183,"column":6},"end":{"line":183,"column":32}},"65":{"start":{"line":194,"column":19},"end":{"line":196,"column":5}},"66":{"start":{"line":197,"column":4},"end":{"line":205,"column":5}},"67":{"start":{"line":198,"column":6},"end":{"line":204,"column":8}},"68":{"start":{"line":206,"column":4},"end":{"line":214,"column":5}},"69":{"start":{"line":207,"column":6},"end":{"line":213,"column":8}},"70":{"start":{"line":215,"column":4},"end":{"line":223,"column":5}},"71":{"start":{"line":216,"column":6},"end":{"line":222,"column":8}},"72":{"start":{"line":224,"column":4},"end":{"line":232,"column":5}},"73":{"start":{"line":225,"column":6},"end":{"line":231,"column":8}},"74":{"start":{"line":233,"column":4},"end":{"line":241,"column":5}},"75":{"start":{"line":234,"column":6},"end":{"line":240,"column":8}},"76":{"start":{"line":242,"column":4},"end":{"line":242,"column":18}},"77":{"start":{"line":250,"column":4},"end":{"line":250,"column":35}},"78":{"start":{"line":258,"column":0},"end":{"line":258,"column":28}}},"fnMap":{"0":{"name":"(anonymous_0)","decl":{"start":{"line":17,"column":2},"end":{"line":17,"column":3}},"loc":{"start":{"line":17,"column":16},"end":{"line":26,"column":3}},"line":17},"1":{"name":"(anonymous_1)","decl":{"start":{"line":32,"column":2},"end":{"line":32,"column":3}},"loc":{"start":{"line":32,"column":19},"end":{"line":34,"column":3}},"line":32},"2":{"name":"(anonymous_2)","decl":{"start":{"line":40,"column":2},"end":{"line":40,"column":3}},"loc":{"start":{"line":40,"column":15},"end":{"line":42,"column":3}},"line":40},"3":{"name":"(anonymous_3)","decl":{"start":{"line":48,"column":2},"end":{"line":48,"column":3}},"loc":{"start":{"line":48,"column":12},"end":{"line":59,"column":3}},"line":48},"4":{"name":"(anonymous_4)","decl":{"start":{"line":49,"column":23},"end":{"line":49,"column":24}},"loc":{"start":{"line":49,"column":44},"end":{"line":58,"column":5}},"line":49},"5":{"name":"(anonymous_5)","decl":{"start":{"line":50,"column":18},"end":{"line":50,"column":19}},"loc":{"start":{"line":50,"column":30},"end":{"line":57,"column":7}},"line":50},"6":{"name":"(anonymous_6)","decl":{"start":{"line":56,"column":16},"end":{"line":56,"column":17}},"loc":{"start":{"line":56,"column":22},"end":{"line":56,"column":35}},"line":56},"7":{"name":"(anonymous_7)","decl":{"start":{"line":56,"column":43},"end":{"line":56,"column":44}},"loc":{"start":{"line":56,"column":52},"end":{"line":56,"column":63}},"line":56},"8":{"name":"(anonymous_8)","decl":{"start":{"line":64,"column":2},"end":{"line":64,"column":3}},"loc":{"start":{"line":64,"column":10},"end":{"line":66,"column":3}},"line":64},"9":{"name":"(anonymous_9)","decl":{"start":{"line":73,"column":2},"end":{"line":73,"column":3}},"loc":{"start":{"line":73,"column":16},"end":{"line":83,"column":3}},"line":73},"10":{"name":"(anonymous_10)","decl":{"start":{"line":74,"column":23},"end":{"line":74,"column":24}},"loc":{"start":{"line":74,"column":44},"end":{"line":82,"column":5}},"line":74},"11":{"name":"(anonymous_11)","decl":{"start":{"line":75,"column":26},"end":{"line":75,"column":27}},"loc":{"start":{"line":75,"column":32},"end":{"line":81,"column":7}},"line":75},"12":{"name":"(anonymous_12)","decl":{"start":{"line":76,"column":39},"end":{"line":76,"column":40}},"loc":{"start":{"line":76,"column":51},"end":{"line":80,"column":9}},"line":76},"13":{"name":"(anonymous_13)","decl":{"start":{"line":81,"column":15},"end":{"line":81,"column":16}},"loc":{"start":{"line":81,"column":24},"end":{"line":81,"column":35}},"line":81},"14":{"name":"(anonymous_14)","decl":{"start":{"line":90,"column":2},"end":{"line":90,"column":3}},"loc":{"start":{"line":90,"column":17},"end":{"line":95,"column":3}},"line":90},"15":{"name":"(anonymous_15)","decl":{"start":{"line":91,"column":23},"end":{"line":91,"column":24}},"loc":{"start":{"line":91,"column":44},"end":{"line":94,"column":5}},"line":91},"16":{"name":"(anonymous_16)","decl":{"start":{"line":101,"column":2},"end":{"line":101,"column":3}},"loc":{"start":{"line":101,"column":13},"end":{"line":123,"column":3}},"line":101},"17":{"name":"(anonymous_17)","decl":{"start":{"line":102,"column":23},"end":{"line":102,"column":24}},"loc":{"start":{"line":102,"column":44},"end":{"line":122,"column":5}},"line":102},"18":{"name":"(anonymous_18)","decl":{"start":{"line":103,"column":26},"end":{"line":103,"column":27}},"loc":{"start":{"line":103,"column":32},"end":{"line":121,"column":7}},"line":103},"19":{"name":"(anonymous_19)","decl":{"start":{"line":104,"column":133},"end":{"line":104,"column":134}},"loc":{"start":{"line":104,"column":139},"end":{"line":118,"column":9}},"line":104},"20":{"name":"(anonymous_20)","decl":{"start":{"line":105,"column":128},"end":{"line":105,"column":129}},"loc":{"start":{"line":105,"column":134},"end":{"line":115,"column":11}},"line":105},"21":{"name":"(anonymous_21)","decl":{"start":{"line":106,"column":47},"end":{"line":106,"column":48}},"loc":{"start":{"line":106,"column":53},"end":{"line":112,"column":13}},"line":106},"22":{"name":"(anonymous_22)","decl":{"start":{"line":112,"column":21},"end":{"line":112,"column":22}},"loc":{"start":{"line":112,"column":30},"end":{"line":114,"column":13}},"line":112},"23":{"name":"(anonymous_23)","decl":{"start":{"line":115,"column":13},"end":{"line":115,"column":14}},"loc":{"start":{"line":115,"column":22},"end":{"line":117,"column":11}},"line":115},"24":{"name":"(anonymous_24)","decl":{"start":{"line":118,"column":17},"end":{"line":118,"column":18}},"loc":{"start":{"line":118,"column":26},"end":{"line":120,"column":9}},"line":118},"25":{"name":"(anonymous_25)","decl":{"start":{"line":121,"column":15},"end":{"line":121,"column":16}},"loc":{"start":{"line":121,"column":24},"end":{"line":121,"column":35}},"line":121},"26":{"name":"(anonymous_26)","decl":{"start":{"line":129,"column":2},"end":{"line":129,"column":3}},"loc":{"start":{"line":129,"column":11},"end":{"line":145,"column":3}},"line":129},"27":{"name":"(anonymous_27)","decl":{"start":{"line":130,"column":23},"end":{"line":130,"column":24}},"loc":{"start":{"line":130,"column":44},"end":{"line":144,"column":5}},"line":130},"28":{"name":"(anonymous_28)","decl":{"start":{"line":131,"column":26},"end":{"line":131,"column":27}},"loc":{"start":{"line":131,"column":32},"end":{"line":143,"column":7}},"line":131},"29":{"name":"(anonymous_29)","decl":{"start":{"line":133,"column":100},"end":{"line":133,"column":101}},"loc":{"start":{"line":133,"column":106},"end":{"line":140,"column":9}},"line":133},"30":{"name":"(anonymous_30)","decl":{"start":{"line":134,"column":105},"end":{"line":134,"column":106}},"loc":{"start":{"line":134,"column":111},"end":{"line":137,"column":11}},"line":134},"31":{"name":"(anonymous_31)","decl":{"start":{"line":137,"column":19},"end":{"line":137,"column":20}},"loc":{"start":{"line":137,"column":28},"end":{"line":139,"column":11}},"line":137},"32":{"name":"(anonymous_32)","decl":{"start":{"line":140,"column":11},"end":{"line":140,"column":12}},"loc":{"start":{"line":140,"column":20},"end":{"line":142,"column":9}},"line":140},"33":{"name":"(anonymous_33)","decl":{"start":{"line":143,"column":15},"end":{"line":143,"column":16}},"loc":{"start":{"line":143,"column":24},"end":{"line":143,"column":35}},"line":143},"34":{"name":"(anonymous_34)","decl":{"start":{"line":150,"column":2},"end":{"line":150,"column":3}},"loc":{"start":{"line":150,"column":19},"end":{"line":163,"column":3}},"line":150},"35":{"name":"(anonymous_35)","decl":{"start":{"line":153,"column":30},"end":{"line":153,"column":31}},"loc":{"start":{"line":153,"column":40},"end":{"line":156,"column":7}},"line":153},"36":{"name":"(anonymous_36)","decl":{"start":{"line":156,"column":15},"end":{"line":156,"column":16}},"loc":{"start":{"line":156,"column":24},"end":{"line":159,"column":7}},"line":156},"37":{"name":"(anonymous_37)","decl":{"start":{"line":171,"column":2},"end":{"line":171,"column":3}},"loc":{"start":{"line":171,"column":26},"end":{"line":185,"column":3}},"line":171},"38":{"name":"(anonymous_38)","decl":{"start":{"line":173,"column":47},"end":{"line":173,"column":48}},"loc":{"start":{"line":173,"column":64},"end":{"line":184,"column":5}},"line":173},"39":{"name":"(anonymous_39)","decl":{"start":{"line":193,"column":2},"end":{"line":193,"column":3}},"loc":{"start":{"line":193,"column":28},"end":{"line":243,"column":3}},"line":193},"40":{"name":"(anonymous_40)","decl":{"start":{"line":249,"column":2},"end":{"line":249,"column":3}},"loc":{"start":{"line":249,"column":16},"end":{"line":251,"column":3}},"line":249}},"branchMap":{"0":{"loc":{"start":{"line":151,"column":4},"end":{"line":162,"column":5}},"type":"if","locations":[{"start":{"line":151,"column":4},"end":{"line":162,"column":5}},{"start":{"line":151,"column":4},"end":{"line":162,"column":5}}],"line":151},"1":{"loc":{"start":{"line":174,"column":6},"end":{"line":178,"column":7}},"type":"if","locations":[{"start":{"line":174,"column":6},"end":{"line":178,"column":7}},{"start":{"line":174,"column":6},"end":{"line":178,"column":7}}],"line":174},"2":{"loc":{"start":{"line":197,"column":4},"end":{"line":205,"column":5}},"type":"if","locations":[{"start":{"line":197,"column":4},"end":{"line":205,"column":5}},{"start":{"line":197,"column":4},"end":{"line":205,"column":5}}],"line":197},"3":{"loc":{"start":{"line":206,"column":4},"end":{"line":214,"column":5}},"type":"if","locations":[{"start":{"line":206,"column":4},"end":{"line":214,"column":5}},{"start":{"line":206,"column":4},"end":{"line":214,"column":5}}],"line":206},"4":{"loc":{"start":{"line":215,"column":4},"end":{"line":223,"column":5}},"type":"if","locations":[{"start":{"line":215,"column":4},"end":{"line":223,"column":5}},{"start":{"line":215,"column":4},"end":{"line":223,"column":5}}],"line":215},"5":{"loc":{"start":{"line":224,"column":4},"end":{"line":232,"column":5}},"type":"if","locations":[{"start":{"line":224,"column":4},"end":{"line":232,"column":5}},{"start":{"line":224,"column":4},"end":{"line":232,"column":5}}],"line":224},"6":{"loc":{"start":{"line":233,"column":4},"end":{"line":241,"column":5}},"type":"if","locations":[{"start":{"line":233,"column":4},"end":{"line":241,"column":5}},{"start":{"line":233,"column":4},"end":{"line":241,"column":5}}],"line":233}},"s":{"0":1,"1":1,"2":1,"3":1,"4":1,"5":1,"6":1,"7":1,"8":1,"9":0,"10":0,"11":0,"12":0,"13":0,"14":0,"15":0,"16":0,"17":0,"18":0,"19":0,"20":0,"21":0,"22":0,"23":0,"24":0,"25":0,"26":0,"27":0,"28":0,"29":0,"30":0,"31":0,"32":0,"33":0,"34":0,"35":0,"36":0,"37":0,"38":0,"39":0,"40":0,"41":0,"42":0,"43":0,"44":0,"45":0,"46":0,"47":0,"48":0,"49":0,"50":0,"51":0,"52":0,"53":0,"54":0,"55":0,"56":0,"57":0,"58":0,"59":0,"60":0,"61":0,"62":0,"63":0,"64":0,"65":0,"66":0,"67":0,"68":0,"69":0,"70":0,"71":0,"72":0,"73":0,"74":0,"75":0,"76":0,"77":0,"78":1},"f":{"0":1,"1":1,"2":0,"3":0,"4":0,"5":0,"6":0,"7":0,"8":0,"9":0,"10":0,"11":0,"12":0,"13":0,"14":0,"15":0,"16":0,"17":0,"18":0,"19":0,"20":0,"21":0,"22":0,"23":0,"24":0,"25":0,"26":0,"27":0,"28":0,"29":0,"30":0,"31":0,"32":0,"33":0,"34":0,"35":0,"36":0,"37":0,"38":0,"39":0,"40":0},"b":{"0":[0,0],"1":[0,0],"2":[0,0],"3":[0,0],"4":[0,0],"5":[0,0],"6":[0,0]},"_coverageSchema":"1a1c01bbd47fc00a2c39e90264f33305004495a9","hash":"056fb32741931d6f29df3d13737133878a284c82"}
}
