TN:
SF:src/Zssh.js
FN:17,(anonymous_0)
FN:32,(anonymous_1)
FN:40,(anonymous_2)
FN:48,(anonymous_3)
FN:49,(anonymous_4)
FN:50,(anonymous_5)
FN:56,(anonymous_6)
FN:56,(anonymous_7)
FN:64,(anonymous_8)
FN:73,(anonymous_9)
FN:74,(anonymous_10)
FN:75,(anonymous_11)
FN:76,(anonymous_12)
FN:81,(anonymous_13)
FN:90,(anonymous_14)
FN:91,(anonymous_15)
FN:101,(anonymous_16)
FN:102,(anonymous_17)
FN:103,(anonymous_18)
FN:104,(anonymous_19)
FN:105,(anonymous_20)
FN:106,(anonymous_21)
FN:112,(anonymous_22)
FN:115,(anonymous_23)
FN:118,(anonymous_24)
FN:121,(anonymous_25)
FN:129,(anonymous_26)
FN:130,(anonymous_27)
FN:131,(anonymous_28)
FN:133,(anonymous_29)
FN:134,(anonymous_30)
FN:137,(anonymous_31)
FN:140,(anonymous_32)
FN:143,(anonymous_33)
FN:150,(anonymous_34)
FN:153,(anonymous_35)
FN:156,(anonymous_36)
FN:171,(anonymous_37)
FN:173,(anonymous_38)
FN:193,(anonymous_39)
FN:249,(anonymous_40)
FNF:41
FNH:2
FNDA:1,(anonymous_0)
FNDA:1,(anonymous_1)
FNDA:0,(anonymous_2)
FNDA:0,(anonymous_3)
FNDA:0,(anonymous_4)
FNDA:0,(anonymous_5)
FNDA:0,(anonymous_6)
FNDA:0,(anonymous_7)
FNDA:0,(anonymous_8)
FNDA:0,(anonymous_9)
FNDA:0,(anonymous_10)
FNDA:0,(anonymous_11)
FNDA:0,(anonymous_12)
FNDA:0,(anonymous_13)
FNDA:0,(anonymous_14)
FNDA:0,(anonymous_15)
FNDA:0,(anonymous_16)
FNDA:0,(anonymous_17)
FNDA:0,(anonymous_18)
FNDA:0,(anonymous_19)
FNDA:0,(anonymous_20)
FNDA:0,(anonymous_21)
FNDA:0,(anonymous_22)
FNDA:0,(anonymous_23)
FNDA:0,(anonymous_24)
FNDA:0,(anonymous_25)
FNDA:0,(anonymous_26)
FNDA:0,(anonymous_27)
FNDA:0,(anonymous_28)
FNDA:0,(anonymous_29)
FNDA:0,(anonymous_30)
FNDA:0,(anonymous_31)
FNDA:0,(anonymous_32)
FNDA:0,(anonymous_33)
FNDA:0,(anonymous_34)
FNDA:0,(anonymous_35)
FNDA:0,(anonymous_36)
FNDA:0,(anonymous_37)
FNDA:0,(anonymous_38)
FNDA:0,(anonymous_39)
FNDA:0,(anonymous_40)
DA:2,1
DA:3,1
DA:4,1
DA:5,1
DA:6,1
DA:7,1
DA:21,1
DA:25,1
DA:33,1
DA:41,0
DA:49,0
DA:50,0
DA:51,0
DA:52,0
DA:56,0
DA:65,0
DA:74,0
DA:75,0
DA:76,0
DA:77,0
DA:78,0
DA:79,0
DA:81,0
DA:91,0
DA:92,0
DA:93,0
DA:102,0
DA:103,0
DA:104,0
DA:105,0
DA:106,0
DA:107,0
DA:108,0
DA:109,0
DA:110,0
DA:111,0
DA:113,0
DA:116,0
DA:119,0
DA:121,0
DA:130,0
DA:131,0
DA:132,0
DA:133,0
DA:134,0
DA:135,0
DA:136,0
DA:138,0
DA:141,0
DA:143,0
DA:151,0
DA:152,0
DA:153,0
DA:154,0
DA:155,0
DA:158,0
DA:161,0
DA:172,0
DA:173,0
DA:174,0
DA:175,0
DA:176,0
DA:182,0
DA:183,0
DA:194,0
DA:197,0
DA:198,0
DA:206,0
DA:207,0
DA:215,0
DA:216,0
DA:224,0
DA:225,0
DA:233,0
DA:234,0
DA:242,0
DA:250,0
DA:258,1
LF:78
LH:10
BRDA:151,0,0,0
BRDA:151,0,1,0
BRDA:174,1,0,0
BRDA:174,1,1,0
BRDA:197,2,0,0
BRDA:197,2,1,0
BRDA:206,3,0,0
BRDA:206,3,1,0
BRDA:215,4,0,0
BRDA:215,4,1,0
BRDA:224,5,0,0
BRDA:224,5,1,0
BRDA:233,6,0,0
BRDA:233,6,1,0
BRF:14
BRH:0
end_of_record
